-------------------------------------------------------------------------------
Test set: com.example.challenge.bisection.BisectionMethodTests
-------------------------------------------------------------------------------
Tests run: 4, Failures: 1, Errors: 0, Skipped: 0, Time elapsed: 0.208 s <<< FAILURE! - in com.example.challenge.bisection.BisectionMethodTests
findRoot_validInterval_faAndFBMoreThanZero  Time elapsed: 0.012 s  <<< FAILURE!
org.opentest4j.AssertionFailedError: expected: <true> but was: <false>
	at com.example.challenge.bisection.BisectionMethodTests.findRoot_validInterval_faAndFBMoreThanZero(BisectionMethodTests.java:70)

