<?xml version="1.0" encoding="UTF-8"?>
<testsuite xmlns:xsi="http://www.w3.org/2001/XMLSchema-instance" xsi:noNamespaceSchemaLocation="https://maven.apache.org/surefire/maven-surefire-plugin/xsd/surefire-test-report.xsd" name="com.example.challenge.bisection.BisectionMethodTests" time="0.208" tests="4" errors="0" skipped="0" failures="1">
  <properties>
[...]
</properties>
  <testcase name="findRoot_validInterval_faAndFBLessThanZero" classname="com.example.challenge.bisection.BisectionMethodTests" time="0.105"/>
  <testcase name="findRoot_validInterval_bLargerThanA" classname="com.example.challenge.bisection.BisectionMethodTests" time="0.001"/>
  <testcase name="findRoot_validInterval_faAndFBMoreThanZero" classname="com.example.challenge.bisection.BisectionMethodTests" time="0.012">
    <failure message="expected: &lt;true&gt; but was: &lt;false&gt;" type="org.opentest4j.AssertionFailedError"><![CDATA[org.opentest4j.AssertionFailedError: expected: <true> but was: <false>
	at com.example.challenge.bisection.BisectionMethodTests.findRoot_validInterval_faAndFBMoreThanZero(BisectionMethodTests.java:70)
]]></failure>
    <system-out><![CDATA[14:22:31.195 [main] INFO com.example.challenge.bisection.BisectionMethod - Result of findRoot is: 0.00
]]></system-out>
  </testcase>
  <testcase name="findRoot_validInterval_shouldFindAnAcceptableRoot" classname="com.example.challenge.bisection.BisectionMethodTests" time="0.073"/>
</testsuite>